<?xml version="1.0" encoding="UTF-8"?>
<!-- Generated by org.testng.reporters.JUnitReportReporter -->
<testsuite hostname="DESKTOP-PAR4CB8" failures="0" tests="1" name="Seleniumjenkins.Seleniumjenkins.WebTest" time="9.860" errors="0" timestamp="2024-03-17T12:16:53 IST" skipped="0">
  <testcase classname="Seleniumjenkins.Seleniumjenkins.WebTest" name="startBrowser" time="9.860"/>
  <system-out/>
</testsuite> <!-- Seleniumjenkins.Seleniumjenkins.WebTest -->
